<?xml version="1.0" encoding="UTF-8"?>
<!-- Generated by org.testng.reporters.JUnitReportReporter -->
<testsuite hostname="lin80022449" failures="0" tests="3" name="Day5.TestnG" time="0.030" errors="0" timestamp="2024-04-14T18:13:10 IST" skipped="0">
  <testcase classname="Day5.TestnG" name="testMethod2" time="0.003"/>
  <testcase classname="Day5.TestnG" name="testMethod3" time="0.003"/>
  <testcase classname="Day5.TestnG" name="testMethod1" time="0.024"/>
</testsuite> <!-- Day5.TestnG -->
