<?xml version="1.0" encoding="UTF-8"?>
<!-- Generated by org.testng.reporters.JUnitReportReporter -->
<testsuite hostname="lin80022449" failures="0" tests="1" name="Day6.ExtemRep" time="18.775" errors="0" timestamp="2024-04-15T13:15:16 IST" skipped="0">
  <testcase classname="Day6.ExtemRep" name="test" time="18.775"/>
</testsuite> <!-- Day6.ExtemRep -->
