<?xml version="1.0" encoding="UTF-8"?>
<!-- Generated by org.testng.reporters.JUnitReportReporter -->
<testsuite hostname="lin80022449" failures="0" tests="3" name="Day5.DataProviderTest" time="0.039" errors="0" timestamp="2024-04-15T00:01:37 IST" skipped="0">
  <testcase classname="Day5.DataProviderTest" name="testMethod1" time="0.004"/>
  <testcase classname="Day5.DataProviderTest" name="testMethod1" time="0.029"/>
  <testcase classname="Day5.DataProviderTest" name="testMethod1" time="0.006"/>
</testsuite> <!-- Day5.DataProviderTest -->
