<?xml version="1.0" encoding="UTF-8"?>
<!-- Generated by org.testng.reporters.JUnitReportReporter -->
<testsuite hostname="lin80022449" failures="0" tests="2" name="Day5.TestMethods" time="0.008" errors="0" timestamp="2024-04-14T19:51:19 IST" skipped="0">
  <testcase classname="Day5.TestMethods" name="testMethod2" time="0.007"/>
  <testcase classname="Day5.TestMethods" name="testMethod1" time="0.001"/>
</testsuite> <!-- Day5.TestMethods -->
